Using pre-set license
Built from '2020.3/china_unity/release' branch; Version is '2020.3.0f1c1 (1e553bf703d9) revision 1987899'; Using compiler version '192528614'; Build Type 'Release'
OS: 'Windows 10 Home; OS build 19041.867; Version 2004; 64bit' Language: 'zh' Physical Memory: 16318 MB
BatchMode: 1, IsHumanControllingUs: 0, StartBugReporterOnCrash: 0, Is64bit: 1, IsPro: 0

 COMMAND LINE ARGUMENTS:
C:\Program Files\Unity\Editor\Unity.exe
-adb2
-batchMode
-noUpm
-name
AssetImportWorker0
-projectPath
C:/Users/Uniquer/Downloads/steamvr_unity_plugin-master
-logFile
Logs/AssetImportWorker0.log
-srvPort
50402
Successfully changed project path to: C:/Users/Uniquer/Downloads/steamvr_unity_plugin-master
C:/Users/Uniquer/Downloads/steamvr_unity_plugin-master
Using Asset Import Pipeline V2.
Refreshing native plugins compatible for Editor in 36.76 ms, found 7 plugins.
Preloading 0 native plugins for Editor in 0.00 ms.
Initialize engine version: 2020.3.0f1c1 (1e553bf703d9)
[Subsystems] Discovering subsystems at path C:/Program Files/Unity/Editor/Data/Resources/UnitySubsystems
[Subsystems] Discovering subsystems at path C:/Users/Uniquer/Downloads/steamvr_unity_plugin-master/Assets
GfxDevice: creating device client; threaded=0
Direct3D:
    Version:  Direct3D 11.0 [level 11.1]
    Renderer: NVIDIA GeForce GTX 970 (ID=0x13c2)
    Vendor:   
    VRAM:     4043 MB
    Driver:   27.21.14.6172
Initialize mono
Mono path[0] = 'C:/Program Files/Unity/Editor/Data/Managed'
Mono path[1] = 'C:/Program Files/Unity/Editor/Data/MonoBleedingEdge/lib/mono/unityjit'
Mono config path = 'C:/Program Files/Unity/Editor/Data/MonoBleedingEdge/etc'
Using monoOptions --debugger-agent=transport=dt_socket,embedding=1,server=y,suspend=n,address=127.0.0.1:56456
Begin MonoManager ReloadAssembly
Registering precompiled unity dll's ...
Register platform support module: C:/Program Files/Unity/Editor/Data/PlaybackEngines/WindowsStandaloneSupport/UnityEditor.WindowsStandalone.Extensions.dll
Registered in 0.002071 seconds.
Native extension for WindowsStandalone target not found
Refreshing native plugins compatible for Editor in 31.27 ms, found 7 plugins.
Preloading 0 native plugins for Editor in 0.00 ms.
Invoked RoslynAnalysisRunner static constructor.
RoslynAnalysisRunner will not be running.
RoslynAnalysisRunner has terminated.
Mono: successfully reloaded assembly
- Completed reload, in  0.800 seconds
Platform modules already initialized, skipping
Registering precompiled user dll's ...
Registered in 0.003450 seconds.
Begin MonoManager ReloadAssembly
Native extension for WindowsStandalone target not found
Refreshing native plugins compatible for Editor in 0.51 ms, found 7 plugins.
Preloading 0 native plugins for Editor in 0.00 ms.
Invoked RoslynAnalysisRunner static constructor.
RoslynAnalysisRunner will not be running.
RoslynAnalysisRunner has terminated.
Mono: successfully reloaded assembly
- Completed reload, in  0.860 seconds
Platform modules already initialized, skipping
========================================================================
Worker process is ready to serve import requests
Launched and connected shader compiler UnityShaderCompiler.exe after 0.04 seconds
Refreshing native plugins compatible for Editor in 0.48 ms, found 7 plugins.
Preloading 0 native plugins for Editor in 0.00 ms.
Unloading 1471 Unused Serialized files (Serialized files now loaded: 0)
System memory in use before: 71.5 MB.
System memory in use after: 71.6 MB.

Unloading 17 unused Assets to reduce memory usage. Loaded Objects now: 1909.
Total: 2.489100 ms (FindLiveObjects: 0.285400 ms CreateObjectMapping: 0.099000 ms MarkObjects: 2.030800 ms  DeleteObjects: 0.072500 ms)

========================================================================
Received Import Request.
  path: Assets/XR/Settings/Open VR Settings.asset
  artifactKey: Guid(3ea6bf07c2dac474a84c402100338f80) Importer(815301076,1909f56bfc062723c751e8b465ee728b)
Start importing Assets/XR/Settings/Open VR Settings.asset using Guid(3ea6bf07c2dac474a84c402100338f80) Importer(815301076,1909f56bfc062723c751e8b465ee728b)  -> (artifact id: '828c990e91b7072d27553ed349df682f') in 0.197240 seconds
  Import took 0.200636 seconds .

========================================================================
Received Import Request.
  Time since last request: 0.000204 seconds.
  path: Assets/XR/Loaders/Open VR Loader.asset
  artifactKey: Guid(1addbb3069573e24ba031c2ee8a4086b) Importer(815301076,1909f56bfc062723c751e8b465ee728b)
Start importing Assets/XR/Loaders/Open VR Loader.asset using Guid(1addbb3069573e24ba031c2ee8a4086b) Importer(815301076,1909f56bfc062723c751e8b465ee728b)  -> (artifact id: 'c63b0ef6ba48f7df5c6977d824ce81fe') in 0.031604 seconds
  Import took 0.033963 seconds .

========================================================================
Received Import Request.
  Time since last request: 0.000290 seconds.
  path: Assets/SteamVR/SteamVR.asmdef
  artifactKey: Guid(1fbf338ef6b952a448262a7ff7df5fe4) Importer(815301076,1909f56bfc062723c751e8b465ee728b)
Start importing Assets/SteamVR/SteamVR.asmdef using Guid(1fbf338ef6b952a448262a7ff7df5fe4) Importer(815301076,1909f56bfc062723c751e8b465ee728b)  -> (artifact id: 'c6ba5e32196c095b00f86209705221bc') in 0.031562 seconds
  Import took 0.034259 seconds .

========================================================================
Received Import Request.
  Time since last request: 0.000208 seconds.
  path: Assets/XR/XRGeneralSettings.asset
  artifactKey: Guid(a5025748ca25aa24fa119533182ecdd0) Importer(815301076,1909f56bfc062723c751e8b465ee728b)
Start importing Assets/XR/XRGeneralSettings.asset using Guid(a5025748ca25aa24fa119533182ecdd0) Importer(815301076,1909f56bfc062723c751e8b465ee728b)  -> (artifact id: '3348483bef21aba20a5ef36aef8621ca') in 0.031047 seconds
  Import took 0.033381 seconds .

========================================================================
Received Import Request.
  Time since last request: 6.271741 seconds.
  path: Packages/com.unity.xr.management/package.json
  artifactKey: Guid(a8437ae6df3ab4de78c661f8e1148bbb) Importer(815301076,1909f56bfc062723c751e8b465ee728b)
Start importing Packages/com.unity.xr.management/package.json using Guid(a8437ae6df3ab4de78c661f8e1148bbb) Importer(815301076,1909f56bfc062723c751e8b465ee728b)  -> (artifact id: '186d440b32ce3129406ade96573aeccc') in 0.009329 seconds
  Import took 0.011810 seconds .

========================================================================
Received Import Request.
  Time since last request: 0.608044 seconds.
  path: Packages/com.unity.xr.legacyinputhelpers/package.json
  artifactKey: Guid(d16ab7e2b2998ad4c9729d86bb9aa666) Importer(815301076,1909f56bfc062723c751e8b465ee728b)
Start importing Packages/com.unity.xr.legacyinputhelpers/package.json using Guid(d16ab7e2b2998ad4c9729d86bb9aa666) Importer(815301076,1909f56bfc062723c751e8b465ee728b)  -> (artifact id: '95221511d094535d8b60053bf09da3a8') in 0.002828 seconds
  Import took 0.005712 seconds .

========================================================================
Received Prepare
Registering precompiled user dll's ...
Registered in 0.003198 seconds.
Begin MonoManager ReloadAssembly
Native extension for WindowsStandalone target not found
Refreshing native plugins compatible for Editor in 0.50 ms, found 7 plugins.
Preloading 0 native plugins for Editor in 0.00 ms.
Invoked RoslynAnalysisRunner static constructor.
RoslynAnalysisRunner will not be running.
RoslynAnalysisRunner has terminated.
Mono: successfully reloaded assembly
- Completed reload, in  0.773 seconds
Platform modules already initialized, skipping
Refreshing native plugins compatible for Editor in 0.45 ms, found 7 plugins.
Preloading 0 native plugins for Editor in 0.00 ms.
Unloading 1509 Unused Serialized files (Serialized files now loaded: 0)
System memory in use before: 72.6 MB.
System memory in use after: 72.5 MB.

Unloading 13 unused Assets to reduce memory usage. Loaded Objects now: 1978.
Total: 1.904100 ms (FindLiveObjects: 0.155100 ms CreateObjectMapping: 0.053200 ms MarkObjects: 1.440100 ms  DeleteObjects: 0.255000 ms)

========================================================================
Received Import Request.
  Time since last request: 53.475629 seconds.
  path: Assets/Hi5_Interaction_SDK/Materials/FootballMaterial.mat
  artifactKey: Guid(3e757f7c8dda5bc44a3367c54a853b72) Importer(815301076,1909f56bfc062723c751e8b465ee728b)
Start importing Assets/Hi5_Interaction_SDK/Materials/FootballMaterial.mat using Guid(3e757f7c8dda5bc44a3367c54a853b72) Importer(815301076,1909f56bfc062723c751e8b465ee728b)  -> (artifact id: '329486adcdcbbdb404125c33fb675b36') in 0.219210 seconds
  Import took 0.222279 seconds .

========================================================================
Received Import Request.
  Time since last request: 0.000234 seconds.
  path: Assets/Hi5_Interaction_SDK/Materials/SOCCER_Ball.FBX
  artifactKey: Guid(f3e7dc87f871ae94dab459d90401d0a5) Importer(815301076,1909f56bfc062723c751e8b465ee728b)
Start importing Assets/Hi5_Interaction_SDK/Materials/SOCCER_Ball.FBX using Guid(f3e7dc87f871ae94dab459d90401d0a5) Importer(815301076,1909f56bfc062723c751e8b465ee728b)  -> (artifact id: 'fc650e4df05b90ff745847fc6c9bbd6f') in 0.557862 seconds
  Import took 0.560581 seconds .

========================================================================
Received Import Request.
  Time since last request: 8.352277 seconds.
  path: Assets/Hi5_Interaction_SDK/Models/[CameraRig]_HI5.prefab
  artifactKey: Guid(6219dccf964be9f4daac4156c3edc144) Importer(815301076,1909f56bfc062723c751e8b465ee728b)
Start importing Assets/Hi5_Interaction_SDK/Models/[CameraRig]_HI5.prefab using Guid(6219dccf964be9f4daac4156c3edc144) Importer(815301076,1909f56bfc062723c751e8b465ee728b)  -> (artifact id: '0a0d4315d1e4066bbd8fa94920a6478a') in 0.306374 seconds
  Import took 0.309607 seconds .

========================================================================
Received Import Request.
  Time since last request: 0.000270 seconds.
  path: Assets/Hi5_Interaction_SDK/Models/HI5_Right_Human_Collider.prefab
  artifactKey: Guid(d20c823146d2fc8459fd35af9f1ccca3) Importer(815301076,1909f56bfc062723c751e8b465ee728b)
Start importing Assets/Hi5_Interaction_SDK/Models/HI5_Right_Human_Collider.prefab using Guid(d20c823146d2fc8459fd35af9f1ccca3) Importer(815301076,1909f56bfc062723c751e8b465ee728b)  -> (artifact id: '4403db863349995ea693d32fcdfb76a1') in 0.021521 seconds
  Import took 0.024577 seconds .

========================================================================
Received Import Request.
  Time since last request: 0.000300 seconds.
  path: Assets/Hi5_Interaction_SDK/Models/Human_RightHand.fbx
  artifactKey: Guid(94ed3867f749834418c386e5eebb8713) Importer(815301076,1909f56bfc062723c751e8b465ee728b)
Start importing Assets/Hi5_Interaction_SDK/Models/Human_RightHand.fbx using Guid(94ed3867f749834418c386e5eebb8713) Importer(815301076,1909f56bfc062723c751e8b465ee728b)  -> (artifact id: 'e9d66b72f0f1b117f9d2192be562a1ac') in 0.030544 seconds
  Import took 0.033392 seconds .

========================================================================
Received Import Request.
  Time since last request: 0.000227 seconds.
  path: Assets/Hi5_Interaction_SDK/Models/table_tall.FBX
  artifactKey: Guid(ee593f3c6c3e3414eb2c0f721ae4f057) Importer(815301076,1909f56bfc062723c751e8b465ee728b)
Start importing Assets/Hi5_Interaction_SDK/Models/table_tall.FBX using Guid(ee593f3c6c3e3414eb2c0f721ae4f057) Importer(815301076,1909f56bfc062723c751e8b465ee728b)  -> (artifact id: 'c6225f5071ddfe8ec7e6a68e06e29d3d') in 0.047689 seconds
  Import took 0.050158 seconds .

========================================================================
Received Import Request.
  Time since last request: 0.000228 seconds.
  path: Assets/Hi5_Interaction_SDK/Models/HI5_Left_Human_Collider.prefab
  artifactKey: Guid(551765afbf1863c418d35ca010ff4ffb) Importer(815301076,1909f56bfc062723c751e8b465ee728b)
Start importing Assets/Hi5_Interaction_SDK/Models/HI5_Left_Human_Collider.prefab using Guid(551765afbf1863c418d35ca010ff4ffb) Importer(815301076,1909f56bfc062723c751e8b465ee728b)  -> (artifact id: '0b02985633289515129cf76b66fa3d02') in 0.018458 seconds
  Import took 0.021459 seconds .

========================================================================
Received Import Request.
  Time since last request: 0.000238 seconds.
  path: Assets/Hi5_Interaction_SDK/Models/Human_LeftHand.fbx
  artifactKey: Guid(2da1046522c789a46931170d2ec399db) Importer(815301076,1909f56bfc062723c751e8b465ee728b)
Start importing Assets/Hi5_Interaction_SDK/Models/Human_LeftHand.fbx using Guid(2da1046522c789a46931170d2ec399db) Importer(815301076,1909f56bfc062723c751e8b465ee728b)  -> (artifact id: '7449f6e0e1de634037e0e2f5174a5b34') in 0.028280 seconds
  Import took 0.031083 seconds .

========================================================================
Received Import Request.
  Time since last request: 0.000216 seconds.
  path: Assets/Hi5_Interaction_SDK/Models/xie.FBX
  artifactKey: Guid(c06e96cbe64bacf4d99eba92554a5ef0) Importer(815301076,1909f56bfc062723c751e8b465ee728b)
Start importing Assets/Hi5_Interaction_SDK/Models/xie.FBX using Guid(c06e96cbe64bacf4d99eba92554a5ef0) Importer(815301076,1909f56bfc062723c751e8b465ee728b)  -> (artifact id: '1719675b819a87888afa1fa0435d4d87') in 0.022590 seconds
  Import took 0.025216 seconds .

========================================================================
Received Import Request.
  Time since last request: 0.000272 seconds.
  path: Assets/Hi5_Interaction_SDK/Models/table_S.fbx
  artifactKey: Guid(2905c0952ff6b28448e0d3cdb9cb908c) Importer(815301076,1909f56bfc062723c751e8b465ee728b)
Start importing Assets/Hi5_Interaction_SDK/Models/table_S.fbx using Guid(2905c0952ff6b28448e0d3cdb9cb908c) Importer(815301076,1909f56bfc062723c751e8b465ee728b)  -> (artifact id: '781e20b3deab42564231914fd8d61a41') in 0.021598 seconds
  Import took 0.024545 seconds .

========================================================================
Received Import Request.
  Time since last request: 2.075530 seconds.
  path: Assets/Hi5_Interaction_SDK/Prefabs/[CameraRig]_HI5_Interaction.prefab
  artifactKey: Guid(eb9e4ef3b00db6444b876c4e1f96e8bb) Importer(815301076,1909f56bfc062723c751e8b465ee728b)
Start importing Assets/Hi5_Interaction_SDK/Prefabs/[CameraRig]_HI5_Interaction.prefab using Guid(eb9e4ef3b00db6444b876c4e1f96e8bb) Importer(815301076,1909f56bfc062723c751e8b465ee728b)  -> (artifact id: '4f5c6e381cdb1293cb2c34657cdd4d38') in 0.027617 seconds
  Import took 0.031080 seconds .

========================================================================
Received Import Request.
  Time since last request: 0.000279 seconds.
  path: Assets/Hi5_Interaction_SDK/Prefabs/Cube.prefab
  artifactKey: Guid(89a962a8423db5a46bceaf4c3e592d88) Importer(815301076,1909f56bfc062723c751e8b465ee728b)
Start importing Assets/Hi5_Interaction_SDK/Prefabs/Cube.prefab using Guid(89a962a8423db5a46bceaf4c3e592d88) Importer(815301076,1909f56bfc062723c751e8b465ee728b)  -> (artifact id: 'c2a35ab459141c3747c5d05b56f748f7') in 0.017370 seconds
  Import took 0.020349 seconds .

========================================================================
Received Import Request.
  Time since last request: 0.000361 seconds.
  path: Assets/Hi5_Interaction_SDK/Prefabs/ResetJengaButton.prefab
  artifactKey: Guid(c12bdc5202ad69544ab8d0802738587c) Importer(815301076,1909f56bfc062723c751e8b465ee728b)
Start importing Assets/Hi5_Interaction_SDK/Prefabs/ResetJengaButton.prefab using Guid(c12bdc5202ad69544ab8d0802738587c) Importer(815301076,1909f56bfc062723c751e8b465ee728b)  -> (artifact id: 'b066edbe0a163deb74c80d922348cef0') in 0.112319 seconds
  Import took 0.115095 seconds .

========================================================================
Received Import Request.
  Time since last request: 11.315948 seconds.
  path: Assets/NoitomHi5/Plugins
  artifactKey: Guid(959b572c2d27b6f4c8c61b3c5e00f70a) Importer(815301076,1909f56bfc062723c751e8b465ee728b)
Start importing Assets/NoitomHi5/Plugins using Guid(959b572c2d27b6f4c8c61b3c5e00f70a) Importer(815301076,1909f56bfc062723c751e8b465ee728b)  -> (artifact id: '4ad15f4a820ae1747c0af7492e2ab3dc') in 0.007122 seconds
  Import took 0.010427 seconds .

========================================================================
Received Import Request.
  Time since last request: 0.630510 seconds.
  path: Assets/NoitomHi5/Plugins/x86_64
  artifactKey: Guid(21fa5eb73dac05748a915fc94dbb22b8) Importer(815301076,1909f56bfc062723c751e8b465ee728b)
Start importing Assets/NoitomHi5/Plugins/x86_64 using Guid(21fa5eb73dac05748a915fc94dbb22b8) Importer(815301076,1909f56bfc062723c751e8b465ee728b)  -> (artifact id: 'f58164cd48bbceafaccfb189112a3b4c') in 0.006804 seconds
  Import took 0.009658 seconds .

========================================================================
Received Import Request.
  Time since last request: 0.000981 seconds.
  path: Assets/NoitomHi5/Plugins/x86_64
  artifactKey: Guid(21fa5eb73dac05748a915fc94dbb22b8) Importer(815301076,1909f56bfc062723c751e8b465ee728b)
Start importing Assets/NoitomHi5/Plugins/x86_64 using Guid(21fa5eb73dac05748a915fc94dbb22b8) Importer(815301076,1909f56bfc062723c751e8b465ee728b)  -> (artifact id: 'f58164cd48bbceafaccfb189112a3b4c') in 0.002560 seconds
  Import took 0.005384 seconds .

========================================================================
Received Import Request.
  Time since last request: 1.082305 seconds.
  path: Assets/NoitomHi5/Plugins/x86_64/Hi5Glove.dll
  artifactKey: Guid(5fe0ebbb81a40224baf7b1d304d3bc12) Importer(815301076,1909f56bfc062723c751e8b465ee728b)
Start importing Assets/NoitomHi5/Plugins/x86_64/Hi5Glove.dll using Guid(5fe0ebbb81a40224baf7b1d304d3bc12) Importer(815301076,1909f56bfc062723c751e8b465ee728b)  -> (artifact id: 'f94fbc6a5bd96b3fb0c2f076e4117755') in 0.011787 seconds
  Import took 0.014438 seconds .

========================================================================
Received Import Request.
  Time since last request: 0.003411 seconds.
  path: Assets/NoitomHi5/Plugins/x86_64/Hi5Glove.dll
  artifactKey: Guid(5fe0ebbb81a40224baf7b1d304d3bc12) Importer(815301076,1909f56bfc062723c751e8b465ee728b)
Start importing Assets/NoitomHi5/Plugins/x86_64/Hi5Glove.dll using Guid(5fe0ebbb81a40224baf7b1d304d3bc12) Importer(815301076,1909f56bfc062723c751e8b465ee728b)  -> (artifact id: 'f94fbc6a5bd96b3fb0c2f076e4117755') in 0.002308 seconds
  Import took 0.005030 seconds .

========================================================================
Received Prepare
Registering precompiled user dll's ...
Registered in 0.003176 seconds.
Begin MonoManager ReloadAssembly
Native extension for WindowsStandalone target not found
Refreshing native plugins compatible for Editor in 0.45 ms, found 7 plugins.
Preloading 0 native plugins for Editor in 0.00 ms.
Invoked RoslynAnalysisRunner static constructor.
RoslynAnalysisRunner will not be running.
RoslynAnalysisRunner has terminated.
Mono: successfully reloaded assembly
- Completed reload, in  0.818 seconds
Platform modules already initialized, skipping
Refreshing native plugins compatible for Editor in 0.44 ms, found 7 plugins.
Preloading 0 native plugins for Editor in 0.00 ms.
Unloading 1516 Unused Serialized files (Serialized files now loaded: 0)
System memory in use before: 91.5 MB.
System memory in use after: 91.3 MB.

Unloading 14 unused Assets to reduce memory usage. Loaded Objects now: 2039.
Total: 1.941900 ms (FindLiveObjects: 0.169900 ms CreateObjectMapping: 0.054300 ms MarkObjects: 1.471900 ms  DeleteObjects: 0.244800 ms)

========================================================================
Received Import Request.
  Time since last request: 1092.262552 seconds.
  path: Assets/SteamVR/Prefabs/[CameraRig].prefab
  artifactKey: Guid(4d293c8e162f3874b982baadd71153d2) Importer(815301076,1909f56bfc062723c751e8b465ee728b)
Start importing Assets/SteamVR/Prefabs/[CameraRig].prefab using Guid(4d293c8e162f3874b982baadd71153d2) Importer(815301076,1909f56bfc062723c751e8b465ee728b)  -> (artifact id: '8800c7a940909a0b2f2e44b17b2d3a23') in 0.059601 seconds
  Import took 0.062882 seconds .

========================================================================
Received Import Request.
  Time since last request: 0.000276 seconds.
  path: Assets/SteamVR/Prefabs/vr_glove_right_model_slim.prefab
  artifactKey: Guid(6def53d002137b747aec0b29551e0e25) Importer(815301076,1909f56bfc062723c751e8b465ee728b)
Start importing Assets/SteamVR/Prefabs/vr_glove_right_model_slim.prefab using Guid(6def53d002137b747aec0b29551e0e25) Importer(815301076,1909f56bfc062723c751e8b465ee728b)  -> (artifact id: 'facd7975a4ae64aead402cc9b0fedf6d') in 0.163089 seconds
  Import took 0.166151 seconds .

========================================================================
Received Import Request.
  Time since last request: 0.000259 seconds.
  path: Assets/SteamVR/Prefabs/vr_hand_floppy_left.prefab
  artifactKey: Guid(85d52d9937d11064295294895b28d068) Importer(815301076,1909f56bfc062723c751e8b465ee728b)
Start importing Assets/SteamVR/Prefabs/vr_hand_floppy_left.prefab using Guid(85d52d9937d11064295294895b28d068) Importer(815301076,1909f56bfc062723c751e8b465ee728b)  -> (artifact id: 'b7cd1cfb6ff42a1f56067e6966e72b9d') in 0.061559 seconds
  Import took 0.064767 seconds .

========================================================================
Received Import Request.
  Time since last request: 0.000208 seconds.
  path: Assets/SteamVR/Prefabs/vr_hand_alien_left.prefab
  artifactKey: Guid(78cacad1b5fb93349a980d2189b52b89) Importer(815301076,1909f56bfc062723c751e8b465ee728b)
Start importing Assets/SteamVR/Prefabs/vr_hand_alien_left.prefab using Guid(78cacad1b5fb93349a980d2189b52b89) Importer(815301076,1909f56bfc062723c751e8b465ee728b)  -> (artifact id: '3790a81eebaef45a07a96d219e21a628') in 0.132596 seconds
  Import took 0.135736 seconds .

========================================================================
Received Import Request.
  Time since last request: 0.000262 seconds.
  path: Assets/SteamVR/Prefabs/vr_glove_right.prefab
  artifactKey: Guid(5dc81ef5cae96304586abbc6e4b5beb8) Importer(815301076,1909f56bfc062723c751e8b465ee728b)
Start importing Assets/SteamVR/Prefabs/vr_glove_right.prefab using Guid(5dc81ef5cae96304586abbc6e4b5beb8) Importer(815301076,1909f56bfc062723c751e8b465ee728b)  -> (artifact id: 'd9969c39169ae9eee8c5bea18a6bc05c') in 0.025602 seconds
  Import took 0.028522 seconds .

========================================================================
Received Import Request.
  Time since last request: 0.000268 seconds.
  path: Assets/SteamVR/Prefabs/vr_hand_floppy_right.prefab
  artifactKey: Guid(48a64ca49a112494fa864087de12b75c) Importer(815301076,1909f56bfc062723c751e8b465ee728b)
Start importing Assets/SteamVR/Prefabs/vr_hand_floppy_right.prefab using Guid(48a64ca49a112494fa864087de12b75c) Importer(815301076,1909f56bfc062723c751e8b465ee728b)  -> (artifact id: '469b994dc77170c10073ba6ef3f5c34d') in 0.028406 seconds
  Import took 0.031760 seconds .

========================================================================
Received Import Request.
  Time since last request: 0.000228 seconds.
  path: Assets/SteamVR/Prefabs/[SteamVR].prefab
  artifactKey: Guid(4f35fa249b5008c44ac2998be6f82d4d) Importer(815301076,1909f56bfc062723c751e8b465ee728b)
Start importing Assets/SteamVR/Prefabs/[SteamVR].prefab using Guid(4f35fa249b5008c44ac2998be6f82d4d) Importer(815301076,1909f56bfc062723c751e8b465ee728b)  -> (artifact id: 'b5e0834b4e300b847f9c26af1456ed11') in 0.008330 seconds
  Import took 0.010879 seconds .

========================================================================
Received Import Request.
  Time since last request: 0.000260 seconds.
  path: Assets/SteamVR/Prefabs/vr_hand_alien_right.prefab
  artifactKey: Guid(a2330dd3e2bcb44428f727270af1d625) Importer(815301076,1909f56bfc062723c751e8b465ee728b)
Start importing Assets/SteamVR/Prefabs/vr_hand_alien_right.prefab using Guid(a2330dd3e2bcb44428f727270af1d625) Importer(815301076,1909f56bfc062723c751e8b465ee728b)  -> (artifact id: 'a473b318beee0ab381a6400af4e35570') in 0.028716 seconds
  Import took 0.032865 seconds .

========================================================================
Received Import Request.
  Time since last request: 0.000271 seconds.
  path: Assets/SteamVR/Prefabs/vr_glove_left_model_slim.prefab
  artifactKey: Guid(638779290bce1af49b356f33dcc6fccf) Importer(815301076,1909f56bfc062723c751e8b465ee728b)
Start importing Assets/SteamVR/Prefabs/vr_glove_left_model_slim.prefab using Guid(638779290bce1af49b356f33dcc6fccf) Importer(815301076,1909f56bfc062723c751e8b465ee728b)  -> (artifact id: '4fa5384980bc44bc1e6942963fa6ffd9') in 0.024095 seconds
  Import took 0.027334 seconds .

========================================================================
Received Import Request.
  Time since last request: 0.000216 seconds.
  path: Assets/SteamVR/Prefabs/vr_glove_left.prefab
  artifactKey: Guid(057574477c20401448aba7c848873712) Importer(815301076,1909f56bfc062723c751e8b465ee728b)
Start importing Assets/SteamVR/Prefabs/vr_glove_left.prefab using Guid(057574477c20401448aba7c848873712) Importer(815301076,1909f56bfc062723c751e8b465ee728b)  -> (artifact id: 'ee5db85ed678f5be386f56aa35feac79') in 0.026029 seconds
  Import took 0.029266 seconds .

========================================================================
Received Import Request.
  Time since last request: 0.000186 seconds.
  path: Assets/SteamVR/Prefabs/controller.prefab
  artifactKey: Guid(e789c2cc0c98a4c4198a4033fb8ccf96) Importer(815301076,1909f56bfc062723c751e8b465ee728b)
Start importing Assets/SteamVR/Prefabs/controller.prefab using Guid(e789c2cc0c98a4c4198a4033fb8ccf96) Importer(815301076,1909f56bfc062723c751e8b465ee728b)  -> (artifact id: '0a0bf0b5c7b2c29f1694b14c1300716a') in 0.008009 seconds
  Import took 0.010647 seconds .

========================================================================
Received Import Request.
  Time since last request: 0.000265 seconds.
  path: Assets/SteamVR/Prefabs/[Status].prefab
  artifactKey: Guid(255333d57084e4e46b3d948279746a47) Importer(815301076,1909f56bfc062723c751e8b465ee728b)
Start importing Assets/SteamVR/Prefabs/[Status].prefab using Guid(255333d57084e4e46b3d948279746a47) Importer(815301076,1909f56bfc062723c751e8b465ee728b)  -> (artifact id: '73cecabd47b8fb054f72b8f831dd6c51') in 0.015421 seconds
  Import took 0.018422 seconds .

========================================================================
Received Import Request.
  Time since last request: 187.153305 seconds.
  path: Assets/Hi5_Interaction_SDK/Materials/Hand/BonePointMaterial 1.mat
  artifactKey: Guid(4dd1305eae5cb824a941e29318415201) Importer(815301076,1909f56bfc062723c751e8b465ee728b)
Start importing Assets/Hi5_Interaction_SDK/Materials/Hand/BonePointMaterial 1.mat using Guid(4dd1305eae5cb824a941e29318415201) Importer(815301076,1909f56bfc062723c751e8b465ee728b)  -> (artifact id: '160bca7e956b25edc5df26b4c80243b3') in 0.028934 seconds
  Import took 0.031769 seconds .

========================================================================
Received Import Request.
  Time since last request: 0.000291 seconds.
  path: Assets/Hi5_Interaction_SDK/Materials/Hand/BonePointMaterial 6.mat
  artifactKey: Guid(232eb53959a2ac948805600eb9cba0ae) Importer(815301076,1909f56bfc062723c751e8b465ee728b)
Start importing Assets/Hi5_Interaction_SDK/Materials/Hand/BonePointMaterial 6.mat using Guid(232eb53959a2ac948805600eb9cba0ae) Importer(815301076,1909f56bfc062723c751e8b465ee728b)  -> (artifact id: '2842868df6636dd4d3eb30bfa34b149e') in 0.015995 seconds
  Import took 0.018477 seconds .

========================================================================
Received Import Request.
  Time since last request: 0.000366 seconds.
  path: Assets/Hi5_Interaction_SDK/Materials/Hand/MaterialPlane 1.mat
  artifactKey: Guid(d5a7a5cbb5858d744b399d9cbb7ccdc7) Importer(815301076,1909f56bfc062723c751e8b465ee728b)
Start importing Assets/Hi5_Interaction_SDK/Materials/Hand/MaterialPlane 1.mat using Guid(d5a7a5cbb5858d744b399d9cbb7ccdc7) Importer(815301076,1909f56bfc062723c751e8b465ee728b)  -> (artifact id: 'ba7c130ba11ce3c4517abbc07344d1dc') in 0.017016 seconds
  Import took 0.019741 seconds .

========================================================================
Received Import Request.
  Time since last request: 0.000277 seconds.
  path: Assets/Hi5_Interaction_SDK/Materials/Hand/BonePointMaterial 3.mat
  artifactKey: Guid(10b2920fcdc7f8c40961d8e3e316ccc9) Importer(815301076,1909f56bfc062723c751e8b465ee728b)
Start importing Assets/Hi5_Interaction_SDK/Materials/Hand/BonePointMaterial 3.mat using Guid(10b2920fcdc7f8c40961d8e3e316ccc9) Importer(815301076,1909f56bfc062723c751e8b465ee728b)  -> (artifact id: 'b51f97e73ee69aceedef6ea1a0b58db9') in 0.017779 seconds
  Import took 0.020683 seconds .

========================================================================
Received Import Request.
  Time since last request: 0.000238 seconds.
  path: Assets/Hi5_Interaction_SDK/Materials/Hand/BonePointMaterial 4.mat
  artifactKey: Guid(ae848c34daf52354e8deaaf88df1eba0) Importer(815301076,1909f56bfc062723c751e8b465ee728b)
Start importing Assets/Hi5_Interaction_SDK/Materials/Hand/BonePointMaterial 4.mat using Guid(ae848c34daf52354e8deaaf88df1eba0) Importer(815301076,1909f56bfc062723c751e8b465ee728b)  -> (artifact id: '6d7ef70e8b4a262a2985591b676b1e50') in 0.019303 seconds
  Import took 0.022080 seconds .

========================================================================
Received Import Request.
  Time since last request: 0.000248 seconds.
  path: Assets/Hi5_Interaction_SDK/Materials/Hand/MaterialPlane.mat
  artifactKey: Guid(51bfaa7a400d36a4db54dfc2ccbb5521) Importer(815301076,1909f56bfc062723c751e8b465ee728b)
Start importing Assets/Hi5_Interaction_SDK/Materials/Hand/MaterialPlane.mat using Guid(51bfaa7a400d36a4db54dfc2ccbb5521) Importer(815301076,1909f56bfc062723c751e8b465ee728b)  -> (artifact id: '4e7d9de42cb4852a81a62ab44a070fc2') in 0.015983 seconds
  Import took 0.018680 seconds .

========================================================================
Received Import Request.
  Time since last request: 0.000249 seconds.
  path: Assets/Hi5_Interaction_SDK/Materials/Hand/BonePointMaterial 2.mat
  artifactKey: Guid(1fc3cbea0136a6e40945af8e45b30972) Importer(815301076,1909f56bfc062723c751e8b465ee728b)
Start importing Assets/Hi5_Interaction_SDK/Materials/Hand/BonePointMaterial 2.mat using Guid(1fc3cbea0136a6e40945af8e45b30972) Importer(815301076,1909f56bfc062723c751e8b465ee728b)  -> (artifact id: '54bb76e315bd0cecde1cde280b6320c4') in 0.016684 seconds
  Import took 0.019519 seconds .

========================================================================
Received Import Request.
  Time since last request: 0.000227 seconds.
  path: Assets/Hi5_Interaction_SDK/Materials/Hand/BonePointMaterial.mat
  artifactKey: Guid(eb26a05986eb6b54c94cd04494f2ca10) Importer(815301076,1909f56bfc062723c751e8b465ee728b)
Start importing Assets/Hi5_Interaction_SDK/Materials/Hand/BonePointMaterial.mat using Guid(eb26a05986eb6b54c94cd04494f2ca10) Importer(815301076,1909f56bfc062723c751e8b465ee728b)  -> (artifact id: '904092c02e85c4ff63744fc7517bf155') in 0.016558 seconds
  Import took 0.019361 seconds .

========================================================================
Received Import Request.
  Time since last request: 0.000192 seconds.
  path: Assets/Hi5_Interaction_SDK/Materials/Hand/BonePointMaterial 2.mat
  artifactKey: Guid(1fc3cbea0136a6e40945af8e45b30972) Importer(815301076,1909f56bfc062723c751e8b465ee728b)
Start importing Assets/Hi5_Interaction_SDK/Materials/Hand/BonePointMaterial 2.mat using Guid(1fc3cbea0136a6e40945af8e45b30972) Importer(815301076,1909f56bfc062723c751e8b465ee728b)  -> (artifact id: '54bb76e315bd0cecde1cde280b6320c4') in 0.012733 seconds
  Import took 0.015458 seconds .

========================================================================
Received Import Request.
  Time since last request: 0.000228 seconds.
  path: Assets/Hi5_Interaction_SDK/Materials/Hand/BonePointMaterial 5.mat
  artifactKey: Guid(1e340229f64dc6944a6febc7a3e5a913) Importer(815301076,1909f56bfc062723c751e8b465ee728b)
Start importing Assets/Hi5_Interaction_SDK/Materials/Hand/BonePointMaterial 5.mat using Guid(1e340229f64dc6944a6febc7a3e5a913) Importer(815301076,1909f56bfc062723c751e8b465ee728b)  -> (artifact id: '617310226bad76a1380aae40f5de3fcc') in 0.016572 seconds
  Import took 0.019448 seconds .

========================================================================
Received Import Request.
  Time since last request: 0.000246 seconds.
  path: Assets/Hi5_Interaction_SDK/Materials/Hand/BonePointMaterial 8.mat
  artifactKey: Guid(9c4141f9bb5bae94d90b44a432174014) Importer(815301076,1909f56bfc062723c751e8b465ee728b)
Start importing Assets/Hi5_Interaction_SDK/Materials/Hand/BonePointMaterial 8.mat using Guid(9c4141f9bb5bae94d90b44a432174014) Importer(815301076,1909f56bfc062723c751e8b465ee728b)  -> (artifact id: 'f834e1cdd3f83bab50e26bb6fbcfa5a9') in 0.016310 seconds
  Import took 0.018827 seconds .

========================================================================
Received Import Request.
  Time since last request: 0.000207 seconds.
  path: Assets/Hi5_Interaction_SDK/Materials/Hand/Hand.mat
  artifactKey: Guid(dccc95afdbc39df46865ea016ef8f7ea) Importer(815301076,1909f56bfc062723c751e8b465ee728b)
Start importing Assets/Hi5_Interaction_SDK/Materials/Hand/Hand.mat using Guid(dccc95afdbc39df46865ea016ef8f7ea) Importer(815301076,1909f56bfc062723c751e8b465ee728b)  -> (artifact id: '6c43f7b3fa24fd5d73fdd16291dadd55') in 0.016296 seconds
  Import took 0.019047 seconds .

========================================================================
Received Import Request.
  Time since last request: 0.000222 seconds.
  path: Assets/Hi5_Interaction_SDK/Materials/Hand/MaterialCube.mat
  artifactKey: Guid(de374001363e59d45b46439b4013b0b0) Importer(815301076,1909f56bfc062723c751e8b465ee728b)
Start importing Assets/Hi5_Interaction_SDK/Materials/Hand/MaterialCube.mat using Guid(de374001363e59d45b46439b4013b0b0) Importer(815301076,1909f56bfc062723c751e8b465ee728b)  -> (artifact id: '2041c59296671e63f31049e0a92def9f') in 0.011922 seconds
  Import took 0.015136 seconds .

========================================================================
Received Import Request.
  Time since last request: 0.000229 seconds.
  path: Assets/Hi5_Interaction_SDK/Materials/Hand/MaterialPlane 2.mat
  artifactKey: Guid(fdc77c341d4acd44badb757887dfec98) Importer(815301076,1909f56bfc062723c751e8b465ee728b)
Start importing Assets/Hi5_Interaction_SDK/Materials/Hand/MaterialPlane 2.mat using Guid(fdc77c341d4acd44badb757887dfec98) Importer(815301076,1909f56bfc062723c751e8b465ee728b)  -> (artifact id: 'caa9f1453d9224e2cf2e3036cecc71ef') in 0.011559 seconds
  Import took 0.014403 seconds .

========================================================================
Received Import Request.
  Time since last request: 0.000265 seconds.
  path: Assets/Hi5_Interaction_SDK/Materials/Hand/new_hand.mat
  artifactKey: Guid(16e90ba55bfa5a242abb4e7c86935399) Importer(815301076,1909f56bfc062723c751e8b465ee728b)
Start importing Assets/Hi5_Interaction_SDK/Materials/Hand/new_hand.mat using Guid(16e90ba55bfa5a242abb4e7c86935399) Importer(815301076,1909f56bfc062723c751e8b465ee728b)  -> (artifact id: '7b9e43c148dd502a3b5254227d47ea25') in 0.016521 seconds
  Import took 0.019244 seconds .

========================================================================
Received Import Request.
  Time since last request: 0.000259 seconds.
  path: Assets/Hi5_Interaction_SDK/Materials/Hand/BonePointMaterial 7.mat
  artifactKey: Guid(3c2cc815c094d03439c67ffd411fdefe) Importer(815301076,1909f56bfc062723c751e8b465ee728b)
Start importing Assets/Hi5_Interaction_SDK/Materials/Hand/BonePointMaterial 7.mat using Guid(3c2cc815c094d03439c67ffd411fdefe) Importer(815301076,1909f56bfc062723c751e8b465ee728b)  -> (artifact id: '9ee8ce1d57d0d48dc8f10fa271185e7b') in 0.017446 seconds
  Import took 0.020136 seconds .

========================================================================
Received Import Request.
  Time since last request: 1.190775 seconds.
  path: Assets/Hi5_Interaction_SDK/Materials/Materials/SOCCER_Ball_DIFF.mat
  artifactKey: Guid(1459079e05b9a534396b3dd77663a04c) Importer(815301076,1909f56bfc062723c751e8b465ee728b)
Start importing Assets/Hi5_Interaction_SDK/Materials/Materials/SOCCER_Ball_DIFF.mat using Guid(1459079e05b9a534396b3dd77663a04c) Importer(815301076,1909f56bfc062723c751e8b465ee728b)  -> (artifact id: '2336e0388cce3ed578b59c8b192f606d') in 0.014648 seconds
  Import took 0.017330 seconds .

========================================================================
Received Import Request.
  Time since last request: 0.582052 seconds.
  path: Assets/Hi5_Interaction_SDK/Materials/Table/light3.mat
  artifactKey: Guid(0594468439dd4724cabfbf973decee6e) Importer(815301076,1909f56bfc062723c751e8b465ee728b)
Start importing Assets/Hi5_Interaction_SDK/Materials/Table/light3.mat using Guid(0594468439dd4724cabfbf973decee6e) Importer(815301076,1909f56bfc062723c751e8b465ee728b)  -> (artifact id: '3838cb555e7d5bf877dc8a967f28dccb') in 0.014982 seconds
  Import took 0.017893 seconds .

========================================================================
Received Import Request.
  Time since last request: 0.000282 seconds.
  path: Assets/Hi5_Interaction_SDK/Materials/Table/XieMaterial.mat
  artifactKey: Guid(3d4d21d8cde90f64ab94a7d378206746) Importer(815301076,1909f56bfc062723c751e8b465ee728b)
Start importing Assets/Hi5_Interaction_SDK/Materials/Table/XieMaterial.mat using Guid(3d4d21d8cde90f64ab94a7d378206746) Importer(815301076,1909f56bfc062723c751e8b465ee728b)  -> (artifact id: '149884591bf7c7d5fae84f9c6e11d855') in 0.018137 seconds
  Import took 0.020984 seconds .

========================================================================
Received Import Request.
  Time since last request: 0.000271 seconds.
  path: Assets/Hi5_Interaction_SDK/Materials/Table/table_light_4.mat
  artifactKey: Guid(aee3c37246c916946945f135f8c2ed82) Importer(815301076,1909f56bfc062723c751e8b465ee728b)
Start importing Assets/Hi5_Interaction_SDK/Materials/Table/table_light_4.mat using Guid(aee3c37246c916946945f135f8c2ed82) Importer(815301076,1909f56bfc062723c751e8b465ee728b)  -> (artifact id: '000c84e10d4d77f1b4d6ff0a428126e7') in 0.017557 seconds
  Import took 0.020346 seconds .

========================================================================
Received Import Request.
  Time since last request: 7.880477 seconds.
  path: Assets/Hi5_Interaction_SDK/Models/Football/Football
  artifactKey: Guid(239399f706ec42947a17e3ffab008d03) Importer(815301076,1909f56bfc062723c751e8b465ee728b)
Start importing Assets/Hi5_Interaction_SDK/Models/Football/Football using Guid(239399f706ec42947a17e3ffab008d03) Importer(815301076,1909f56bfc062723c751e8b465ee728b)  -> (artifact id: '28477ea56fc2b523babc190db1d7cdd8') in 0.006881 seconds
  Import took 0.010058 seconds .

========================================================================
Received Import Request.
  Time since last request: 0.000951 seconds.
  path: Assets/Hi5_Interaction_SDK/Models/Football/Football
  artifactKey: Guid(239399f706ec42947a17e3ffab008d03) Importer(815301076,1909f56bfc062723c751e8b465ee728b)
Start importing Assets/Hi5_Interaction_SDK/Models/Football/Football using Guid(239399f706ec42947a17e3ffab008d03) Importer(815301076,1909f56bfc062723c751e8b465ee728b)  -> (artifact id: '28477ea56fc2b523babc190db1d7cdd8') in 0.002253 seconds
  Import took 0.005089 seconds .

========================================================================
Received Import Request.
  Time since last request: 0.053247 seconds.
  path: Assets/Hi5_Interaction_SDK/Models/Football/Football/SOCCER_Ball_DIFF.jpg
  artifactKey: Guid(b2ef820ac68c8e9448ac44433d482f33) Importer(815301076,1909f56bfc062723c751e8b465ee728b)
Start importing Assets/Hi5_Interaction_SDK/Models/Football/Football/SOCCER_Ball_DIFF.jpg using Guid(b2ef820ac68c8e9448ac44433d482f33) Importer(815301076,1909f56bfc062723c751e8b465ee728b)  -> (artifact id: '827edc25958347cb73fc4569b588f6f1') in 0.071233 seconds
  Import took 0.074014 seconds .

========================================================================
Received Import Request.
  Time since last request: 0.000220 seconds.
  path: Assets/Hi5_Interaction_SDK/Models/Football/Football/SOCCER_Ball_NORM.jpg
  artifactKey: Guid(a3145659973ee2c4a953f3e888a4a43e) Importer(815301076,1909f56bfc062723c751e8b465ee728b)
Start importing Assets/Hi5_Interaction_SDK/Models/Football/Football/SOCCER_Ball_NORM.jpg using Guid(a3145659973ee2c4a953f3e888a4a43e) Importer(815301076,1909f56bfc062723c751e8b465ee728b)  -> (artifact id: '2c5de095f365022e9b2d94c22635ced1') in 0.021485 seconds
  Import took 0.024130 seconds .

========================================================================
Received Import Request.
  Time since last request: 5.467403 seconds.
  path: Assets/Hi5_Interaction_SDK/Prefabs/Hand/HI5_Left_Human_Collider.prefab
  artifactKey: Guid(aee23459d7b2639419e494aef48b1d5d) Importer(815301076,1909f56bfc062723c751e8b465ee728b)
Start importing Assets/Hi5_Interaction_SDK/Prefabs/Hand/HI5_Left_Human_Collider.prefab using Guid(aee23459d7b2639419e494aef48b1d5d) Importer(815301076,1909f56bfc062723c751e8b465ee728b)  -> (artifact id: '6c4bb20ff194469c48876741e30579dd') in 0.020278 seconds
  Import took 0.023384 seconds .

========================================================================
Received Import Request.
  Time since last request: 0.000271 seconds.
  path: Assets/Hi5_Interaction_SDK/Prefabs/Hand/HI5_Right_Human_Hand_Visible.prefab
  artifactKey: Guid(d51f780e1fbb7c74a98d898b5608a167) Importer(815301076,1909f56bfc062723c751e8b465ee728b)
Start importing Assets/Hi5_Interaction_SDK/Prefabs/Hand/HI5_Right_Human_Hand_Visible.prefab using Guid(d51f780e1fbb7c74a98d898b5608a167) Importer(815301076,1909f56bfc062723c751e8b465ee728b)  -> (artifact id: 'ae6b6776ad7e9acc458a673074552481') in 0.028743 seconds
  Import took 0.031768 seconds .

========================================================================
Received Import Request.
  Time since last request: 0.000251 seconds.
  path: Assets/Hi5_Interaction_SDK/Prefabs/Hand/HI5_Left_Human_Hand_Visible.prefab
  artifactKey: Guid(8af0e1457b5e8d048ba063ddf7e60976) Importer(815301076,1909f56bfc062723c751e8b465ee728b)
Start importing Assets/Hi5_Interaction_SDK/Prefabs/Hand/HI5_Left_Human_Hand_Visible.prefab using Guid(8af0e1457b5e8d048ba063ddf7e60976) Importer(815301076,1909f56bfc062723c751e8b465ee728b)  -> (artifact id: '63409ed534df2b30bca1370f7f0133f1') in 0.024257 seconds
  Import took 0.027618 seconds .

========================================================================
Received Import Request.
  Time since last request: 0.000227 seconds.
  path: Assets/Hi5_Interaction_SDK/Prefabs/Hand/HI5_Right_Human_Collider.prefab
  artifactKey: Guid(02741037483aa754aa36ab01da843c06) Importer(815301076,1909f56bfc062723c751e8b465ee728b)
Start importing Assets/Hi5_Interaction_SDK/Prefabs/Hand/HI5_Right_Human_Collider.prefab using Guid(02741037483aa754aa36ab01da843c06) Importer(815301076,1909f56bfc062723c751e8b465ee728b)  -> (artifact id: 'd5076466ea4d6a24ba9928a1ae390153') in 0.016918 seconds
  Import took 0.020216 seconds .

========================================================================
Received Import Request.
  Time since last request: 17.699859 seconds.
  path: Assets/Hi5_Interaction_SDK/Scenes/TableScene/LightingData.asset
  artifactKey: Guid(aeafddc09abf8a04c8a97c6f7a2b5646) Importer(815301076,1909f56bfc062723c751e8b465ee728b)
Start importing Assets/Hi5_Interaction_SDK/Scenes/TableScene/LightingData.asset using Guid(aeafddc09abf8a04c8a97c6f7a2b5646) Importer(815301076,1909f56bfc062723c751e8b465ee728b)  -> (artifact id: '1170bb7144e87a39b8377780180dc247') in 0.007220 seconds
  Import took 0.010061 seconds .

========================================================================
Received Import Request.
  Time since last request: 0.000270 seconds.
  path: Assets/Hi5_Interaction_SDK/Scenes/TableScene/ReflectionProbe-0.exr
  artifactKey: Guid(b91b32312d29d8d42b27c03ef65f76ab) Importer(815301076,1909f56bfc062723c751e8b465ee728b)
Start importing Assets/Hi5_Interaction_SDK/Scenes/TableScene/ReflectionProbe-0.exr using Guid(b91b32312d29d8d42b27c03ef65f76ab) Importer(815301076,1909f56bfc062723c751e8b465ee728b)  -> (artifact id: '4219ae3a1b0583889665c3944b3b3407') in 0.026856 seconds
  Import took 0.029470 seconds .

========================================================================
Received Import Request.
  Time since last request: 92.305940 seconds.
  path: Assets/Hi5_Interaction_SDK/Textures/hand/hand_t.tif
  artifactKey: Guid(ae00450d666b6264dbc36af724f55e3d) Importer(815301076,1909f56bfc062723c751e8b465ee728b)
Start importing Assets/Hi5_Interaction_SDK/Textures/hand/hand_t.tif using Guid(ae00450d666b6264dbc36af724f55e3d) Importer(815301076,1909f56bfc062723c751e8b465ee728b)  -> (artifact id: '99304300a3892c79fdef244d5818fa0b') in 0.020113 seconds
  Import took 0.023263 seconds .

========================================================================
Received Import Request.
  Time since last request: 0.000288 seconds.
  path: Assets/Hi5_Interaction_SDK/Textures/hand/new_head_all_line.tif
  artifactKey: Guid(d60a400ee342fd3448e0727e41a1032e) Importer(815301076,1909f56bfc062723c751e8b465ee728b)
Start importing Assets/Hi5_Interaction_SDK/Textures/hand/new_head_all_line.tif using Guid(d60a400ee342fd3448e0727e41a1032e) Importer(815301076,1909f56bfc062723c751e8b465ee728b)  -> (artifact id: '6405563a67b7a191bddd3ca479e9d85b') in 0.023776 seconds
  Import took 0.026543 seconds .

========================================================================
Received Import Request.
  Time since last request: 0.000301 seconds.
  path: Assets/Hi5_Interaction_SDK/Textures/hand/lensDirt14.png
  artifactKey: Guid(9767677fa8a4e724e98afdd873692d41) Importer(815301076,1909f56bfc062723c751e8b465ee728b)
Start importing Assets/Hi5_Interaction_SDK/Textures/hand/lensDirt14.png using Guid(9767677fa8a4e724e98afdd873692d41) Importer(815301076,1909f56bfc062723c751e8b465ee728b)  -> (artifact id: '75029f4f16a8335b64fa14a1212bd6ba') in 0.017315 seconds
  Import took 0.020098 seconds .

========================================================================
Received Import Request.
  Time since last request: 0.000456 seconds.
  path: Assets/Hi5_Interaction_SDK/Textures/hand/number02.jpg
  artifactKey: Guid(22563b23cd1cc8b489e8cde0546750e1) Importer(815301076,1909f56bfc062723c751e8b465ee728b)
Start importing Assets/Hi5_Interaction_SDK/Textures/hand/number02.jpg using Guid(22563b23cd1cc8b489e8cde0546750e1) Importer(815301076,1909f56bfc062723c751e8b465ee728b)  -> (artifact id: '5c58cae2f3ffacdbf2e31713a7839e24') in 0.015414 seconds
  Import took 0.018565 seconds .

========================================================================
Received Import Request.
  Time since last request: 6.563860 seconds.
  path: Assets/NoitomHi5/Prefabs/[CameraRig]_HI5.prefab
  artifactKey: Guid(76d599f0a7ea26c48ad727e9690b88c4) Importer(815301076,1909f56bfc062723c751e8b465ee728b)
Start importing Assets/NoitomHi5/Prefabs/[CameraRig]_HI5.prefab using Guid(76d599f0a7ea26c48ad727e9690b88c4) Importer(815301076,1909f56bfc062723c751e8b465ee728b)  -> (artifact id: '85230d7b8ad5c713b53055b78127dbfa') in 0.057256 seconds
  Import took 0.060797 seconds .

========================================================================
Received Import Request.
  Time since last request: 0.000270 seconds.
  path: Assets/NoitomHi5/Prefabs/HI5 Menu.prefab
  artifactKey: Guid(a582ee6789cc80840b7ce1f3f09ea04e) Importer(815301076,1909f56bfc062723c751e8b465ee728b)
Start importing Assets/NoitomHi5/Prefabs/HI5 Menu.prefab using Guid(a582ee6789cc80840b7ce1f3f09ea04e) Importer(815301076,1909f56bfc062723c751e8b465ee728b)  -> (artifact id: '859633c844987d24f7b27401f2a71b53') in 0.052930 seconds
  Import took 0.056682 seconds .

========================================================================
Received Import Request.
  Time since last request: 0.000261 seconds.
  path: Assets/NoitomHi5/Prefabs/HI5_Right_Robot.prefab
  artifactKey: Guid(0960fbd4283e2b1449210737811b2dd3) Importer(815301076,1909f56bfc062723c751e8b465ee728b)
Start importing Assets/NoitomHi5/Prefabs/HI5_Right_Robot.prefab using Guid(0960fbd4283e2b1449210737811b2dd3) Importer(815301076,1909f56bfc062723c751e8b465ee728b)  -> (artifact id: '7e756edd964f1d04f59b1ec5a2ef19c3') in 0.023993 seconds
  Import took 0.026732 seconds .

========================================================================
Received Import Request.
  Time since last request: 0.000261 seconds.
  path: Assets/NoitomHi5/Prefabs/TestProcessCalibration.prefab
  artifactKey: Guid(d74945de0f8973247a7c72db5b1ce0b2) Importer(815301076,1909f56bfc062723c751e8b465ee728b)
Start importing Assets/NoitomHi5/Prefabs/TestProcessCalibration.prefab using Guid(d74945de0f8973247a7c72db5b1ce0b2) Importer(815301076,1909f56bfc062723c751e8b465ee728b)  -> (artifact id: '8466501d9367ff0aca844f45ed359859') in 0.007997 seconds
  Import took 0.010531 seconds .

========================================================================
Received Import Request.
  Time since last request: 0.000270 seconds.
  path: Assets/NoitomHi5/Prefabs/HI5_Left_Robot.prefab
  artifactKey: Guid(b85b29a132f24bf479e51103bf3e2ed0) Importer(815301076,1909f56bfc062723c751e8b465ee728b)
Start importing Assets/NoitomHi5/Prefabs/HI5_Left_Robot.prefab using Guid(b85b29a132f24bf479e51103bf3e2ed0) Importer(815301076,1909f56bfc062723c751e8b465ee728b)  -> (artifact id: '49b4f1b91de00976bf8f5ea80e3b7d7b') in 0.018592 seconds
  Import took 0.021358 seconds .

========================================================================
Received Import Request.
  Time since last request: 0.000288 seconds.
  path: Assets/NoitomHi5/Prefabs/HI5_Left_Human.prefab
  artifactKey: Guid(0801bdba06ad3d841b419202e41741e1) Importer(815301076,1909f56bfc062723c751e8b465ee728b)
Start importing Assets/NoitomHi5/Prefabs/HI5_Left_Human.prefab using Guid(0801bdba06ad3d841b419202e41741e1) Importer(815301076,1909f56bfc062723c751e8b465ee728b)  -> (artifact id: 'dbd42d47895cee0f3aa5a5410b40a00f') in 0.018065 seconds
  Import took 0.021010 seconds .

========================================================================
Received Import Request.
  Time since last request: 0.000224 seconds.
  path: Assets/NoitomHi5/Prefabs/HI5_Right_Human.prefab
  artifactKey: Guid(0a03c3d9acc05ba48852c58903029571) Importer(815301076,1909f56bfc062723c751e8b465ee728b)
Start importing Assets/NoitomHi5/Prefabs/HI5_Right_Human.prefab using Guid(0a03c3d9acc05ba48852c58903029571) Importer(815301076,1909f56bfc062723c751e8b465ee728b)  -> (artifact id: 'd305d098b5f0c844c8aee690dd004a39') in 0.018877 seconds
  Import took 0.021900 seconds .

========================================================================
Received Import Request.
  Time since last request: 12.770605 seconds.
  path: Assets/SteamVR/Editor/SteamVR_Editor.asmdef
  artifactKey: Guid(9bac448de04a4f6448fee1acc220e5a1) Importer(815301076,1909f56bfc062723c751e8b465ee728b)
Start importing Assets/SteamVR/Editor/SteamVR_Editor.asmdef using Guid(9bac448de04a4f6448fee1acc220e5a1) Importer(815301076,1909f56bfc062723c751e8b465ee728b)  -> (artifact id: 'c3dafa137c3a266595bf3cc8b00de72b') in 0.007048 seconds
  Import took 0.009818 seconds .

========================================================================
Received Import Request.
  Time since last request: 6.279371 seconds.
  path: Assets/NoitomHi5/Resources/Materials/GUIOverlay.mat
  artifactKey: Guid(1ef85467dbaf5e342accbcf68058086e) Importer(815301076,1909f56bfc062723c751e8b465ee728b)
Start importing Assets/NoitomHi5/Resources/Materials/GUIOverlay.mat using Guid(1ef85467dbaf5e342accbcf68058086e) Importer(815301076,1909f56bfc062723c751e8b465ee728b)  -> (artifact id: '92ccf060ca872cf5de261f92bd9c9f59') in 0.015973 seconds
  Import took 0.018793 seconds .

========================================================================
Received Import Request.
  Time since last request: 0.000276 seconds.
  path: Assets/NoitomHi5/Resources/Materials/SkyBoxGrey.mat
  artifactKey: Guid(d12c425eebd41e94b89a549853fb2089) Importer(815301076,1909f56bfc062723c751e8b465ee728b)
Start importing Assets/NoitomHi5/Resources/Materials/SkyBoxGrey.mat using Guid(d12c425eebd41e94b89a549853fb2089) Importer(815301076,1909f56bfc062723c751e8b465ee728b)  -> (artifact id: 'f1f3eaafb3b83ea3f7b848d8e3addbdf') in 0.017834 seconds
  Import took 0.020759 seconds .

========================================================================
Received Import Request.
  Time since last request: 1.721659 seconds.
  path: Assets/NoitomHi5/Resources/Models/Human_LeftHand.fbx
  artifactKey: Guid(34c52d4acfa4a3e4080bd0818fc123ec) Importer(815301076,1909f56bfc062723c751e8b465ee728b)
Start importing Assets/NoitomHi5/Resources/Models/Human_LeftHand.fbx using Guid(34c52d4acfa4a3e4080bd0818fc123ec) Importer(815301076,1909f56bfc062723c751e8b465ee728b)  -> (artifact id: '54c665fc8286367602aa3400eb13ccba') in 0.036645 seconds
  Import took 0.039664 seconds .

========================================================================
Received Import Request.
  Time since last request: 0.000291 seconds.
  path: Assets/NoitomHi5/Resources/Models/NeuronRobot_LeftHand.FBX
  artifactKey: Guid(28d29d58e1ea7f84c888b429b33c38d0) Importer(815301076,1909f56bfc062723c751e8b465ee728b)
Start importing Assets/NoitomHi5/Resources/Models/NeuronRobot_LeftHand.FBX using Guid(28d29d58e1ea7f84c888b429b33c38d0) Importer(815301076,1909f56bfc062723c751e8b465ee728b)  -> (artifact id: '776663c8804a022275b839cabb0ae31c') in 0.027355 seconds
  Import took 0.030372 seconds .

========================================================================
Received Import Request.
  Time since last request: 0.000279 seconds.
  path: Assets/NoitomHi5/Resources/Models/Human_RightHand.fbx
  artifactKey: Guid(203447b5c176120498ca9268688f3c61) Importer(815301076,1909f56bfc062723c751e8b465ee728b)
Start importing Assets/NoitomHi5/Resources/Models/Human_RightHand.fbx using Guid(203447b5c176120498ca9268688f3c61) Importer(815301076,1909f56bfc062723c751e8b465ee728b)  -> (artifact id: '85c2cb1d709016ab7b5132cf44e98ab6') in 0.022331 seconds
  Import took 0.025105 seconds .

========================================================================
Received Import Request.
  Time since last request: 0.000338 seconds.
  path: Assets/NoitomHi5/Resources/Models/NeuronRobot_RightHand.FBX
  artifactKey: Guid(0b011401161373e4480978ea99eb837a) Importer(815301076,1909f56bfc062723c751e8b465ee728b)
Start importing Assets/NoitomHi5/Resources/Models/NeuronRobot_RightHand.FBX using Guid(0b011401161373e4480978ea99eb837a) Importer(815301076,1909f56bfc062723c751e8b465ee728b)  -> (artifact id: '7d3966bde219fa6ea2360a15baa4d055') in 0.027996 seconds
  Import took 0.030872 seconds .

========================================================================
Received Import Request.
  Time since last request: 0.000216 seconds.
  path: Assets/NoitomHi5/Resources/Models/Human_RightHand.fbx
  artifactKey: Guid(203447b5c176120498ca9268688f3c61) Importer(815301076,1909f56bfc062723c751e8b465ee728b)
Start importing Assets/NoitomHi5/Resources/Models/Human_RightHand.fbx using Guid(203447b5c176120498ca9268688f3c61) Importer(815301076,1909f56bfc062723c751e8b465ee728b)  -> (artifact id: '85c2cb1d709016ab7b5132cf44e98ab6') in 0.021207 seconds
  Import took 0.023956 seconds .

========================================================================
Received Import Request.
  Time since last request: 16.307729 seconds.
  path: Assets/SteamVR/Extras/SteamVR_TestTrackedCamera.mat
  artifactKey: Guid(99ee8d48ccf36264e9d9a72baa681249) Importer(815301076,1909f56bfc062723c751e8b465ee728b)
Start importing Assets/SteamVR/Extras/SteamVR_TestTrackedCamera.mat using Guid(99ee8d48ccf36264e9d9a72baa681249) Importer(815301076,1909f56bfc062723c751e8b465ee728b)  -> (artifact id: '1535de2fa9c773f587be8e8f620e4fb5') in 0.042500 seconds
  Import took 0.045464 seconds .

========================================================================
Received Import Request.
  Time since last request: 2.057763 seconds.
  path: Assets/SteamVR/Icon/_steamvr.png
  artifactKey: Guid(200a36575873a1d40baa790e18dafe5d) Importer(815301076,1909f56bfc062723c751e8b465ee728b)
Start importing Assets/SteamVR/Icon/_steamvr.png using Guid(200a36575873a1d40baa790e18dafe5d) Importer(815301076,1909f56bfc062723c751e8b465ee728b)  -> (artifact id: '7fe9ca7f6f02d619ac861119648b5520') in 0.013932 seconds
  Import took 0.016723 seconds .

========================================================================
Received Import Request.
  Time since last request: 0.000295 seconds.
  path: Assets/SteamVR/Icon/SteamVR_Skeleton_Pose Icon.png
  artifactKey: Guid(a9d04296988f9324d98f54789595e5bf) Importer(815301076,1909f56bfc062723c751e8b465ee728b)
Start importing Assets/SteamVR/Icon/SteamVR_Skeleton_Pose Icon.png using Guid(a9d04296988f9324d98f54789595e5bf) Importer(815301076,1909f56bfc062723c751e8b465ee728b)  -> (artifact id: '0475df640dd97ae062d7384954fae25b') in 0.014648 seconds
  Import took 0.017410 seconds .

========================================================================
Received Import Request.
  Time since last request: 7.782270 seconds.
  path: Assets/SteamVR/Materials/def.mat
  artifactKey: Guid(70c66109a93f33a4ead799f58a6b9ef5) Importer(815301076,1909f56bfc062723c751e8b465ee728b)
Start importing Assets/SteamVR/Materials/def.mat using Guid(70c66109a93f33a4ead799f58a6b9ef5) Importer(815301076,1909f56bfc062723c751e8b465ee728b)  -> (artifact id: '994f78229174fe16b6f44bfc7845f7ae') in 0.014420 seconds
  Import took 0.017436 seconds .

========================================================================
Received Import Request.
  Time since last request: 0.000289 seconds.
  path: Assets/SteamVR/Materials/workshop.mat
  artifactKey: Guid(712cd3a70a5a1da41a6594aac6a97abe) Importer(815301076,1909f56bfc062723c751e8b465ee728b)
Start importing Assets/SteamVR/Materials/workshop.mat using Guid(712cd3a70a5a1da41a6594aac6a97abe) Importer(815301076,1909f56bfc062723c751e8b465ee728b)  -> (artifact id: 'd7c401faee076d2140e1f057e6ffc792') in 0.030261 seconds
  Import took 0.032860 seconds .

========================================================================
Received Import Request.
  Time since last request: 0.373986 seconds.
  path: Assets/SteamVR/Models/handFingers.mask
  artifactKey: Guid(822c72f828488434a89ef1d2b9372069) Importer(815301076,1909f56bfc062723c751e8b465ee728b)
Start importing Assets/SteamVR/Models/handFingers.mask using Guid(822c72f828488434a89ef1d2b9372069) Importer(815301076,1909f56bfc062723c751e8b465ee728b)  -> (artifact id: 'ec5f67e2e8b48484ea33507ebd9cfff0') in 0.008562 seconds
  Import took 0.011438 seconds .

========================================================================
Received Import Request.
  Time since last request: 0.000291 seconds.
  path: Assets/SteamVR/Models/vr_glove_left_model_slim.fbx
  artifactKey: Guid(65d8eda911e0ba548a3674f65c43308b) Importer(815301076,1909f56bfc062723c751e8b465ee728b)
Start importing Assets/SteamVR/Models/vr_glove_left_model_slim.fbx using Guid(65d8eda911e0ba548a3674f65c43308b) Importer(815301076,1909f56bfc062723c751e8b465ee728b)  -> (artifact id: '61822ff402033710cf1fd51e45990fed') in 0.025551 seconds
  Import took 0.028241 seconds .

========================================================================
Received Import Request.
  Time since last request: 0.000296 seconds.
  path: Assets/SteamVR/Models/vr_glove_model.fbx
  artifactKey: Guid(02d2c3f5b5ca1014c8fb700e729167ae) Importer(815301076,1909f56bfc062723c751e8b465ee728b)
Start importing Assets/SteamVR/Models/vr_glove_model.fbx using Guid(02d2c3f5b5ca1014c8fb700e729167ae) Importer(815301076,1909f56bfc062723c751e8b465ee728b)  -> (artifact id: 'ec418e563cf45765377e0ba18f50720a') in 0.029228 seconds
  Import took 0.032071 seconds .

========================================================================
Received Import Request.
  Time since last request: 0.000190 seconds.
  path: Assets/SteamVR/Models/vr_alien_hand.fbx
  artifactKey: Guid(35bf13fffe3e1b54b9be7cf6d9808f97) Importer(815301076,1909f56bfc062723c751e8b465ee728b)
Start importing Assets/SteamVR/Models/vr_alien_hand.fbx using Guid(35bf13fffe3e1b54b9be7cf6d9808f97) Importer(815301076,1909f56bfc062723c751e8b465ee728b)  -> (artifact id: 'feb9433ae94182b3309bfbf86e913d00') in 0.028956 seconds
  Import took 0.031814 seconds .

========================================================================
Received Import Request.
  Time since last request: 0.000289 seconds.
  path: Assets/SteamVR/Models/vr_glove_right_model_slim.fbx
  artifactKey: Guid(641e9d2f5c6b4cb438161abef3be8300) Importer(815301076,1909f56bfc062723c751e8b465ee728b)
Start importing Assets/SteamVR/Models/vr_glove_right_model_slim.fbx using Guid(641e9d2f5c6b4cb438161abef3be8300) Importer(815301076,1909f56bfc062723c751e8b465ee728b)  -> (artifact id: '51f0bb33b284555c5080d33c581d3bc7') in 0.026053 seconds
  Import took 0.029199 seconds .

========================================================================
Received Import Request.
  Time since last request: 0.000241 seconds.
  path: Assets/SteamVR/Models/vr_floppyHand.fbx
  artifactKey: Guid(395115150fc0faf40abd1994e7405303) Importer(815301076,1909f56bfc062723c751e8b465ee728b)
Start importing Assets/SteamVR/Models/vr_floppyHand.fbx using Guid(395115150fc0faf40abd1994e7405303) Importer(815301076,1909f56bfc062723c751e8b465ee728b)  -> (artifact id: '478d70c589d761514651706d72583032') in 0.034731 seconds
  Import took 0.037731 seconds .

========================================================================
Received Import Request.
  Time since last request: 0.000234 seconds.
  path: Assets/SteamVR/Models/vr_hand_grabposes.fbx
  artifactKey: Guid(5b1b3324d9af1db498a8cb294cc8d274) Importer(815301076,1909f56bfc062723c751e8b465ee728b)
Start importing Assets/SteamVR/Models/vr_hand_grabposes.fbx using Guid(5b1b3324d9af1db498a8cb294cc8d274) Importer(815301076,1909f56bfc062723c751e8b465ee728b)  -> (artifact id: 'e129c74821bbada8a89619a86a48bf65') in 0.035087 seconds
  Import took 0.038137 seconds .

========================================================================
Received Import Request.
  Time since last request: 10.152683 seconds.
  path: Assets/SteamVR/Textures/arrow.png
  artifactKey: Guid(2db89a771043d7b4eb9d26622f6b97c7) Importer(815301076,1909f56bfc062723c751e8b465ee728b)
Start importing Assets/SteamVR/Textures/arrow.png using Guid(2db89a771043d7b4eb9d26622f6b97c7) Importer(815301076,1909f56bfc062723c751e8b465ee728b)  -> (artifact id: 'd6f5c515120b19e6e6283c14b8504eec') in 0.013180 seconds
  Import took 0.015915 seconds .

========================================================================
Received Import Request.
  Time since last request: 0.000252 seconds.
  path: Assets/SteamVR/Textures/background.png
  artifactKey: Guid(bb00cc87e146a414fbf2c4d3c0d31151) Importer(815301076,1909f56bfc062723c751e8b465ee728b)
Start importing Assets/SteamVR/Textures/background.png using Guid(bb00cc87e146a414fbf2c4d3c0d31151) Importer(815301076,1909f56bfc062723c751e8b465ee728b)  -> (artifact id: '1de6c8e6bbd369d95e43c0ecf7393195') in 0.014525 seconds
  Import took 0.017096 seconds .

========================================================================
Received Import Request.
  Time since last request: 0.000272 seconds.
  path: Assets/SteamVR/Textures/overlay.renderTexture
  artifactKey: Guid(005ed5a6df2f5ff468efd6497d37fefa) Importer(815301076,1909f56bfc062723c751e8b465ee728b)
Start importing Assets/SteamVR/Textures/overlay.renderTexture using Guid(005ed5a6df2f5ff468efd6497d37fefa) Importer(815301076,1909f56bfc062723c751e8b465ee728b)  -> (artifact id: '1a0be3fadc15efb4a67509ab088e99f4') in 0.017894 seconds
  Import took 0.021221 seconds .

========================================================================
Received Import Request.
  Time since last request: 0.000283 seconds.
  path: Assets/SteamVR/Textures/logo.png
  artifactKey: Guid(09db43b3b77bf744287ba587fea02f8b) Importer(815301076,1909f56bfc062723c751e8b465ee728b)
Start importing Assets/SteamVR/Textures/logo.png using Guid(09db43b3b77bf744287ba587fea02f8b) Importer(815301076,1909f56bfc062723c751e8b465ee728b)  -> (artifact id: 'e014ef1111f81b271d6d5163b0c4a298') in 0.017348 seconds
  Import took 0.020838 seconds .

========================================================================
Received Import Request.
  Time since last request: 0.000252 seconds.
  path: Assets/SteamVR/Textures/workshop.png
  artifactKey: Guid(a57cd5c56c9d75c4ba0ee9fbc6e1d8df) Importer(815301076,1909f56bfc062723c751e8b465ee728b)
Start importing Assets/SteamVR/Textures/workshop.png using Guid(a57cd5c56c9d75c4ba0ee9fbc6e1d8df) Importer(815301076,1909f56bfc062723c751e8b465ee728b)  -> (artifact id: 'aec68a89e95663d873f7510b844f11ec') in 0.014702 seconds
  Import took 0.017654 seconds .

========================================================================
Received Import Request.
  Time since last request: 0.273835 seconds.
  path: Assets/SteamVR/WindowsHelper/SteamVR_Windows_EditorHelper.asmdef
  artifactKey: Guid(256e975f9c776644aa4d86bc0c894f33) Importer(815301076,1909f56bfc062723c751e8b465ee728b)
Start importing Assets/SteamVR/WindowsHelper/SteamVR_Windows_EditorHelper.asmdef using Guid(256e975f9c776644aa4d86bc0c894f33) Importer(815301076,1909f56bfc062723c751e8b465ee728b)  -> (artifact id: '51aa7fc3d0daf638227ac74dc22a181e') in 0.005913 seconds
  Import took 0.008662 seconds .

========================================================================
Received Import Request.
  Time since last request: 4.572074 seconds.
  path: Assets/SteamVR_Input/SteamVR_Actions.asmdef
  artifactKey: Guid(709b828622da5bb498f32027d64ec772) Importer(815301076,1909f56bfc062723c751e8b465ee728b)
Start importing Assets/SteamVR_Input/SteamVR_Actions.asmdef using Guid(709b828622da5bb498f32027d64ec772) Importer(815301076,1909f56bfc062723c751e8b465ee728b)  -> (artifact id: '493db38d87d2539fed6d851ffc402bb5') in 0.006591 seconds
  Import took 0.009386 seconds .

